#
# A fatal error has been detected by the Java Runtime Environment:
#
#  SIGSEGV (0xb) at pc=0x000000011d098ce9, pid=12026, tid=10499
#
# JRE version: Java(TM) SE Runtime Environment (7.0_75-b13) (build 1.7.0_75-b13)
# Java VM: Java HotSpot(TM) 64-Bit Server VM (24.75-b04 mixed mode bsd-amd64 compressed oops)
# Problematic frame:
# C  [libswt-cocoa-4335.jnilib+0x25ce9]  callback+0x297
#
# Failed to write core dump. Core dumps have been disabled. To enable core dumping, try "ulimit -c unlimited" before starting Java again
#
# If you would like to submit a bug report, please visit:
#   http://bugreport.sun.com/bugreport/crash.jsp
#

---------------  T H R E A D  ---------------

Current thread (0x00007ffe6b00d800):  VMThread [stack: 0x00000001196fd000,0x00000001197fd000] [id=10499]

siginfo:si_signo=SIGSEGV: si_errno=0, si_code=1 (SEGV_MAPERR), si_addr=0x0000000000000078

Registers:
RAX=0x0000000000000000, RBX=0x00007ffe6acf3380, RCX=0x00000001197fc774, RDX=0x0000000000000001
RSP=0x00000001197fc7a0, RBP=0x00000001197fc8d0, RSI=0x0000000000000000, RDI=0x0000000000000000
R8 =0x0000000000000001, R9 =0x00007ffe6e100000, R10=0x00007ffe6cde5e60, R11=0x00007ffe6ad9c150
R12=0x00007fff90b910c0, R13=0x00000001197fc9a0, R14=0x0000000000000000, R15=0x0000000000000000
RIP=0x000000011d098ce9, EFLAGS=0x0000000000010206, ERR=0x0000000000000004
  TRAPNO=0x000000000000000e

Top of Stack: (sp=0x00000001197fc7a0)
0x00000001197fc7a0:   000000011d098adb 00007fff00000000
0x00000001197fc7b0:   00007fff7d5658e0 000000007d5658e4
0x00000001197fc7c0:   00007fff7d5658e8 00007fff9b66ab6c
0x00000001197fc7d0:   00007fff7d5658e4 00007ffe6b00d9e8
0x00000001197fc7e0:   00007ffe6ad88798 00007ffe6ae10468
0x00000001197fc7f0:   000000020001c33c 0000000000000000
0x00000001197fc800:   0000000000000000 00007fff00000000
0x00000001197fc810:   00000001197fc860 00007fff90ba792f
0x00000001197fc820:   00007ffe6acf3380 00007ffe6aeb4f10
0x00000001197fc830:   00007fff9b66c4c6 0000000000000000
0x00000001197fc840:   0000000000000001 00007ffe6e100000
0x00000001197fc850:   0000000000000000 0000000000000000
0x00000001197fc860:   00000001197fc930 00007fff90b911ac
0x00000001197fc870:   00007ffe6e100000 0000000000000001
0x00000001197fc880:   0000000000000000 0000000000000000
0x00000001197fc890:   00007fff9b66ab6c 00007ffe6acf3380
0x00000001197fc8a0:   0000000000000000 00007fff7db2a190
0x00000001197fc8b0:   0000000000000000 0000000000000000
0x00000001197fc8c0:   0000000000000000 0000000000000000
0x00000001197fc8d0:   00000001197fc8f0 000000011d07725e
0x00000001197fc8e0:   00007fff9b66c4c6 00007ffe6aeb4f10
0x00000001197fc8f0:   00000001197fc930 00007fff9adec3b2
0x00000001197fc900:   0000000049d77e1e 0000000000000000
0x00000001197fc910:   00007fff90b910c0 00000000000000e0
0x00000001197fc920:   0000000000000000 0000000000000000
0x00000001197fc930:   00000001197fc970 00007fff9af67c9c
0x00000001197fc940:   0000000000000000 00007ffe6acf3380
0x00000001197fc950:   00000000000000f8 00007fff90b910c0
0x00000001197fc960:   0000000000000000 00007fff7d568200
0x00000001197fc970:   00000001197fc9f0 00007fff9af67a96
0x00000001197fc980:   0000000000000000 0000000000000000
0x00000001197fc990:   0000000000000000 0000000000000000 

Instructions: (pc=0x000000011d098ce9)
0x000000011d098cc9:   ff ff 01 00 00 00 48 8b 85 08 ff ff ff 48 85 c0
0x000000011d098cd9:   0f 84 9f 03 00 00 48 8b 85 08 ff ff ff 48 8b 00
0x000000011d098ce9:   48 8b 40 78 48 8b bd 08 ff ff ff ff d0 48 89 85
0x000000011d098cf9:   30 ff ff ff 48 83 bd 30 ff ff ff 00 74 26 48 8b 

Register to memory mapping:

RAX=0x0000000000000000 is an unknown value
RBX=0x00007ffe6acf3380 is an unknown value
RCX=0x00000001197fc774 is an unknown value
RDX=0x0000000000000001 is an unknown value
RSP=0x00000001197fc7a0 is an unknown value
RBP=0x00000001197fc8d0 is an unknown value
RSI=0x0000000000000000 is an unknown value
RDI=0x0000000000000000 is an unknown value
R8 =0x0000000000000001 is an unknown value
R9 =0x00007ffe6e100000 is an unknown value
R10=0x00007ffe6cde5e60 is an unknown value
R11=0x00007ffe6ad9c150 is an unknown value
R12=0x00007fff90b910c0: objc_msgSend+0 in /usr/lib/libobjc.A.dylib at 0x00007fff90b90000
R13=0x00000001197fc9a0 is an unknown value
R14=0x0000000000000000 is an unknown value
R15=0x0000000000000000 is an unknown value


Stack: [0x00000001196fd000,0x00000001197fd000],  sp=0x00000001197fc7a0,  free space=1021k
Native frames: (J=compiled Java code, j=interpreted, Vv=VM code, C=native code)
C  [libswt-cocoa-4335.jnilib+0x25ce9]  callback+0x297
C  [libswt-cocoa-4335.jnilib+0x425e]  fn0_2+0x27
C  [AppKit+0x1363b2]  -[NSWindow orderWindow:relativeTo:]+0x76
C  [AppKit+0x2b1c9c]  __18-[NSWindow _close]_block_invoke+0x1be
C  [AppKit+0x2b1a96]  -[NSWindow _close]+0x178
C  [FinderKit+0xa2fdf]  -[FI_TFloatingInputWindowController dealloc]+0x45
C  [libobjc.A.dylib+0x2189c]  objc_object::sidetable_release(bool)+0xec
C  [AppKit+0x177524]  -[NSWindowController release]+0x9a
C  [FinderKit+0xa39ac]  TRef<FI_TFloatingInputWindowController*, OBJCRetainReleasePolicy<FI_TFloatingInputWindowController*> >::~TRef()+0xc
C  [libsystem_c.dylib+0x5e725]  __cxa_finalize_ranges+0x142
C  [libsystem_c.dylib+0x5ea28]  exit+0x37
V  [libjvm.dylib+0x2da6fe]  vm_exit(int)+0x0
V  [libjvm.dylib+0x533d83]  VM_Operation::evaluate()+0x4f
V  [libjvm.dylib+0x5323e7]  VMThread::evaluate_operation(VM_Operation*)+0xdf
V  [libjvm.dylib+0x532834]  VMThread::loop()+0x328
V  [libjvm.dylib+0x532153]  VMThread::run()+0x79
V  [libjvm.dylib+0x421762]  java_start(Thread*)+0x126
C  [libsystem_pthread.dylib+0x405a]  _pthread_body+0x83
C  [libsystem_pthread.dylib+0x3fd7]  _pthread_body+0x0
C  [libsystem_pthread.dylib+0x13ed]  thread_start+0xd

VM_Operation (0x000000011b5b2718): Exit, mode: safepoint, requested by thread 0x00007ffe6d291000


---------------  P R O C E S S  ---------------

Java Threads: ( => current thread )
  0x00007ffe6d291000 JavaThread "SIGINT handler" daemon [_thread_blocked, id=16135, stack(0x000000011b4b3000,0x000000011b5b3000)]
  0x00007ffe6e83e000 JavaThread "rebel-weak-reaper" daemon [_thread_blocked, id=83319, stack(0x000000012a309000,0x000000012a409000)]
  0x00007ffe6d00f800 JavaThread "Timer-0" daemon [_thread_blocked, id=50963, stack(0x0000000128485000,0x0000000128585000)]
  0x00007ffe6b13e800 JavaThread "Service Thread" daemon [_thread_blocked, id=25347, stack(0x000000011ca24000,0x000000011cb24000)]
  0x00007ffe6b179000 JavaThread "C2 CompilerThread1" daemon [_thread_blocked, id=24835, stack(0x000000011c921000,0x000000011ca21000)]
  0x00007ffe6c163800 JavaThread "C2 CompilerThread0" daemon [_thread_blocked, id=24323, stack(0x000000011c81e000,0x000000011c91e000)]
  0x00007ffe6b056000 JavaThread "rebel-debugger-thread" daemon [_thread_blocked, id=23811, stack(0x000000011c71b000,0x000000011c81b000)]
  0x00007ffe6c899800 JavaThread "rebel-heartbeat-thread" daemon [_thread_blocked, id=23299, stack(0x000000011c618000,0x000000011c718000)]
  0x00007ffe6ca34800 JavaThread "rebel-redeploy-thread" daemon [_thread_blocked, id=22275, stack(0x000000011c412000,0x000000011c512000)]
  0x00007ffe6c172800 JavaThread "rebel-messaging-executor" daemon [_thread_blocked, id=21763, stack(0x000000011c30f000,0x000000011c40f000)]
  0x00007ffe6b96c800 JavaThread "rebel-fsnotify-ShutdownOnTermination" daemon [_thread_blocked, id=18447, stack(0x000000011bdb7000,0x000000011beb7000)]
  0x00007ffe6c9d2800 JavaThread "process reaper" daemon [_thread_blocked, id=18959, stack(0x000000011bb86000,0x000000011bbae000)]
  0x00007ffe6c934800 JavaThread "rebel-CacheKeepAlive" daemon [_thread_blocked, id=21511, stack(0x000000011c119000,0x000000011c219000)]
  0x00007ffe6c0a5000 JavaThread "rebel-logger" daemon [_thread_blocked, id=17667, stack(0x000000011ba78000,0x000000011bb78000)]
  0x00007ffe6b810000 JavaThread "JDWP Event Helper Thread" daemon [_thread_blocked, id=16643, stack(0x000000011b5b6000,0x000000011b6b6000)]
  0x00007ffe6c80f800 JavaThread "Finalizer" daemon [_thread_blocked, id=11523, stack(0x0000000119903000,0x0000000119a03000)]
  0x00007ffe6c80e800 JavaThread "Reference Handler" daemon [_thread_blocked, id=11011, stack(0x0000000119800000,0x0000000119900000)]
  0x00007ffe6c005800 JavaThread "main" [_thread_blocked, id=1299, stack(0x00007fff50e35000,0x00007fff50eb5000)]

Other Threads:
=>0x00007ffe6b00d800 VMThread [stack: 0x00000001196fd000,0x00000001197fd000] [id=10499]

VM state:at safepoint (shutting down)

VM Mutex/Monitor currently owned by a thread:  ([mutex/lock_event])
[0x00007ffe6ae02c80] Threads_lock - owner thread: 0x00007ffe6b00d800

Heap
 PSYoungGen      total 38912K, used 32812K [0x00000007d5500000, 0x00000007da100000, 0x0000000800000000)
  eden space 33792K, 82% used [0x00000007d5500000,0x00000007d7013230,0x00000007d7600000)
  from space 5120K, 99% used [0x00000007d9c00000,0x00000007da0f8050,0x00000007da100000)
  to   space 5120K, 0% used [0x00000007d7600000,0x00000007d7600000,0x00000007d7b00000)
 ParOldGen       total 87040K, used 15775K [0x0000000780000000, 0x0000000785500000, 0x00000007d5500000)
  object space 87040K, 18% used [0x0000000780000000,0x0000000780f67f18,0x0000000785500000)
 PSPermGen       total 22528K, used 22150K [0x000000077ae00000, 0x000000077c400000, 0x0000000780000000)
  object space 22528K, 98% used [0x000000077ae00000,0x000000077c3a1b48,0x000000077c400000)

Card table byte_map: [0x0000000113321000,0x000000011374b000] byte_map_base: 0x000000010f74a000

Polling page: 0x000000010eeb1000

Code Cache  [0x0000000110261000, 0x00000001104d1000, 0x0000000113261000)
 total_blobs=820 nmethods=386 adapters=396 free_code_cache=47545Kb largest_free_block=48652864

Compilation events (10 events):
Event: 11764.757 Thread 0x00007ffe6b179000  395             java.nio.HeapByteBuffer::ix (7 bytes)
Event: 11764.757 Thread 0x00007ffe6b179000 nmethod 395 0x00000001103f3d10 code [0x00000001103f3e40, 0x00000001103f3e98]
Event: 11789.384 Thread 0x00007ffe6c163800  396             sun.nio.cs.UTF_8::updatePositions (23 bytes)
Event: 11789.387 Thread 0x00007ffe6c163800 nmethod 396 0x0000000110367e50 code [0x0000000110367fc0, 0x0000000110368298]
Event: 11837.793 Thread 0x00007ffe6b179000  397   !         java.nio.charset.CharsetDecoder::decode (287 bytes)
Event: 11837.804 Thread 0x00007ffe6b179000 nmethod 397 0x00000001103f5550 code [0x00000001103f57c0, 0x00000001103f5f88]
Event: 11839.468 Thread 0x00007ffe6c163800  398             sun.nio.cs.StreamDecoder::implRead (243 bytes)
Event: 11839.489 Thread 0x00007ffe6c163800 nmethod 398 0x00000001103f6c90 code [0x00000001103f6ee0, 0x00000001103f7b70]
Event: 11914.684 Thread 0x00007ffe6b179000  399             sun.nio.cs.UTF_8$Decoder::xflow (31 bytes)
Event: 11914.688 Thread 0x00007ffe6b179000 nmethod 399 0x00000001103674d0 code [0x0000000110367640, 0x0000000110367a38]

GC Heap History (8 events):
Event: 1.272 GC heap before
{Heap before GC invocations=1 (full 0):
 PSYoungGen      total 38912K, used 33765K [0x00000007d5500000, 0x00000007d8000000, 0x0000000800000000)
  eden space 33792K, 99% used [0x00000007d5500000,0x00000007d75f9498,0x00000007d7600000)
  from space 5120K, 0% used [0x00000007d7b00000,0x00000007d7b00000,0x00000007d8000000)
  to   space 5120K, 0% used [0x00000007d7600000,0x00000007d7600000,0x00000007d7b00000)
 ParOldGen       total 87040K, used 0K [0x0000000780000000, 0x0000000785500000, 0x00000007d5500000)
  object space 87040K, 0% used [0x0000000780000000,0x0000000780000000,0x0000000785500000)
 PSPermGen       total 21504K, used 9908K [0x000000077ae00000, 0x000000077c300000, 0x0000000780000000)
  object space 21504K, 46% used [0x000000077ae00000,0x000000077b7ad2e8,0x000000077c300000)
Event: 1.280 GC heap after
Heap after GC invocations=1 (full 0):
 PSYoungGen      total 38912K, used 3724K [0x00000007d5500000, 0x00000007d8000000, 0x0000000800000000)
  eden space 33792K, 0% used [0x00000007d5500000,0x00000007d5500000,0x00000007d7600000)
  from space 5120K, 72% used [0x00000007d7600000,0x00000007d79a33a8,0x00000007d7b00000)
  to   space 5120K, 0% used [0x00000007d7b00000,0x00000007d7b00000,0x00000007d8000000)
 ParOldGen       total 87040K, used 0K [0x0000000780000000, 0x0000000785500000, 0x00000007d5500000)
  object space 87040K, 0% used [0x0000000780000000,0x0000000780000000,0x0000000785500000)
 PSPermGen       total 21504K, used 9908K [0x000000077ae00000, 0x000000077c300000, 0x0000000780000000)
  object space 21504K, 46% used [0x000000077ae00000,0x000000077b7ad2e8,0x000000077c300000)
}
Event: 2.089 GC heap before
{Heap before GC invocations=2 (full 0):
 PSYoungGen      total 38912K, used 37516K [0x00000007d5500000, 0x00000007d8000000, 0x0000000800000000)
  eden space 33792K, 100% used [0x00000007d5500000,0x00000007d7600000,0x00000007d7600000)
  from space 5120K, 72% used [0x00000007d7600000,0x00000007d79a33a8,0x00000007d7b00000)
  to   space 5120K, 0% used [0x00000007d7b00000,0x00000007d7b00000,0x00000007d8000000)
 ParOldGen       total 87040K, used 0K [0x0000000780000000, 0x0000000785500000, 0x00000007d5500000)
  object space 87040K, 0% used [0x0000000780000000,0x0000000780000000,0x0000000785500000)
 PSPermGen       total 21504K, used 14963K [0x000000077ae00000, 0x000000077c300000, 0x0000000780000000)
  object space 21504K, 69% used [0x000000077ae00000,0x000000077bc9ced0,0x000000077c300000)
Event: 2.106 GC heap after
Heap after GC invocations=2 (full 0):
 PSYoungGen      total 38912K, used 5096K [0x00000007d5500000, 0x00000007da100000, 0x0000000800000000)
  eden space 33792K, 0% used [0x00000007d5500000,0x00000007d5500000,0x00000007d7600000)
  from space 5120K, 99% used [0x00000007d7b00000,0x00000007d7ffa120,0x00000007d8000000)
  to   space 5120K, 0% used [0x00000007d7600000,0x00000007d7600000,0x00000007d7b00000)
 ParOldGen       total 87040K, used 3911K [0x0000000780000000, 0x0000000785500000, 0x00000007d5500000)
  object space 87040K, 4% used [0x0000000780000000,0x00000007803d1ee8,0x0000000785500000)
 PSPermGen       total 21504K, used 14963K [0x000000077ae00000, 0x000000077c300000, 0x0000000780000000)
  object space 21504K, 69% used [0x000000077ae00000,0x000000077bc9ced0,0x000000077c300000)
}
Event: 3.364 GC heap before
{Heap before GC invocations=3 (full 0):
 PSYoungGen      total 38912K, used 38888K [0x00000007d5500000, 0x00000007da100000, 0x0000000800000000)
  eden space 33792K, 100% used [0x00000007d5500000,0x00000007d7600000,0x00000007d7600000)
  from space 5120K, 99% used [0x00000007d7b00000,0x00000007d7ffa120,0x00000007d8000000)
  to   space 5120K, 0% used [0x00000007d7600000,0x00000007d7600000,0x00000007d7b00000)
 ParOldGen       total 87040K, used 3911K [0x0000000780000000, 0x0000000785500000, 0x00000007d5500000)
  object space 87040K, 4% used [0x0000000780000000,0x00000007803d1ee8,0x0000000785500000)
 PSPermGen       total 21504K, used 18132K [0x000000077ae00000, 0x000000077c300000, 0x0000000780000000)
  object space 21504K, 84% used [0x000000077ae00000,0x000000077bfb51c0,0x000000077c300000)
Event: 3.380 GC heap after
Heap after GC invocations=3 (full 0):
 PSYoungGen      total 38912K, used 5103K [0x00000007d5500000, 0x00000007da100000, 0x0000000800000000)
  eden space 33792K, 0% used [0x00000007d5500000,0x00000007d5500000,0x00000007d7600000)
  from space 5120K, 99% used [0x00000007d7600000,0x00000007d7afbe30,0x00000007d7b00000)
  to   space 5120K, 0% used [0x00000007d9c00000,0x00000007d9c00000,0x00000007da100000)
 ParOldGen       total 87040K, used 8961K [0x0000000780000000, 0x0000000785500000, 0x00000007d5500000)
  object space 87040K, 10% used [0x0000000780000000,0x00000007808c0798,0x0000000785500000)
 PSPermGen       total 21504K, used 18132K [0x000000077ae00000, 0x000000077c300000, 0x0000000780000000)
  object space 21504K, 84% used [0x000000077ae00000,0x000000077bfb51c0,0x000000077c300000)
}
Event: 46.007 GC heap before
{Heap before GC invocations=4 (full 0):
 PSYoungGen      total 38912K, used 38895K [0x00000007d5500000, 0x00000007da100000, 0x0000000800000000)
  eden space 33792K, 100% used [0x00000007d5500000,0x00000007d7600000,0x00000007d7600000)
  from space 5120K, 99% used [0x00000007d7600000,0x00000007d7afbe30,0x00000007d7b00000)
  to   space 5120K, 0% used [0x00000007d9c00000,0x00000007d9c00000,0x00000007da100000)
 ParOldGen       total 87040K, used 8961K [0x0000000780000000, 0x0000000785500000, 0x00000007d5500000)
  object space 87040K, 10% used [0x0000000780000000,0x00000007808c0798,0x0000000785500000)
 PSPermGen       total 22016K, used 21956K [0x000000077ae00000, 0x000000077c380000, 0x0000000780000000)
  object space 22016K, 99% used [0x000000077ae00000,0x000000077c371050,0x000000077c380000)
Event: 46.022 GC heap after
Heap after GC invocations=4 (full 0):
 PSYoungGen      total 38912K, used 5088K [0x00000007d5500000, 0x00000007da100000, 0x0000000800000000)
  eden space 33792K, 0% used [0x00000007d5500000,0x00000007d5500000,0x00000007d7600000)
  from space 5120K, 99% used [0x00000007d9c00000,0x00000007da0f8050,0x00000007da100000)
  to   space 5120K, 0% used [0x00000007d7600000,0x00000007d7600000,0x00000007d7b00000)
 ParOldGen       total 87040K, used 15775K [0x0000000780000000, 0x0000000785500000, 0x00000007d5500000)
  object space 87040K, 18% used [0x0000000780000000,0x0000000780f67f18,0x0000000785500000)
 PSPermGen       total 22016K, used 21956K [0x000000077ae00000, 0x000000077c380000, 0x0000000780000000)
  object space 22016K, 99% used [0x000000077ae00000,0x000000077c371050,0x000000077c380000)
}

Deoptimization events (10 events):
Event: 45.784 Thread 0x00007ffe6c005800 Uncommon trap: reason=class_check action=maybe_recompile pc=0x00000001102da860 method=java.lang.Character.toLowerCase(I)I @ 5
Event: 45.851 Thread 0x00007ffe6c005800 Uncommon trap: reason=bimorphic action=maybe_recompile pc=0x0000000110328f6c method=java.util.Properties$LineReader.readLine()I @ 62
Event: 45.851 Thread 0x00007ffe6c005800 Uncommon trap: reason=bimorphic action=maybe_recompile pc=0x0000000110328f6c method=java.util.Properties$LineReader.readLine()I @ 62
Event: 45.851 Thread 0x00007ffe6c005800 Uncommon trap: reason=bimorphic action=maybe_recompile pc=0x0000000110328f6c method=java.util.Properties$LineReader.readLine()I @ 62
Event: 45.919 Thread 0x00007ffe6c005800 Uncommon trap: reason=class_check action=maybe_recompile pc=0x0000000110328f9c method=java.util.Properties$LineReader.readLine()I @ 402
Event: 204.380 Thread 0x00007ffe6c005800 Uncommon trap: reason=bimorphic action=maybe_recompile pc=0x0000000110328f6c method=java.util.Properties$LineReader.readLine()I @ 62
Event: 5952.336 Thread 0x00007ffe6b053800 Uncommon trap: reason=null_check action=make_not_entrant pc=0x000000011036c2e4 method=org.zeroturnaround.jrebel.intelliJ.IntelliJProcessListener.onMessge(Ljava/lang/String;)V @ 41
Event: 17340.317 Thread 0x00007ffe6b96c800 Uncommon trap: reason=null_check action=make_not_entrant pc=0x000000011031ab60 method=java.lang.StringCoding.decode(Ljava/lang/String;[BII)[C @ 6
Event: 17340.318 Thread 0x00007ffe6c0e1800 Uncommon trap: reason=class_check action=maybe_recompile pc=0x00000001103d694c method=java.io.BufferedInputStream.available()I @ 14
Event: 17340.319 Thread 0x00007ffe6b053800 Uncommon trap: reason=class_check action=maybe_recompile pc=0x00000001103d694c method=java.io.BufferedInputStream.available()I @ 14

Internal exceptions (10 events):
Event: 204.403 Thread 0x00007ffe6c005800 Threw 0x00000007d5acae08 at /HUDSON/workspace/7u-2-build-macosx-x86_64/jdk7u75/1940/hotspot/src/share/vm/prims/jvm.cpp:1281
Event: 204.408 Thread 0x00007ffe6c005800 Threw 0x00000007d5ae7520 at /HUDSON/workspace/7u-2-build-macosx-x86_64/jdk7u75/1940/hotspot/src/share/vm/prims/jvm.cpp:1281
Event: 204.408 Thread 0x00007ffe6c005800 Threw 0x00000007d5af2510 at /HUDSON/workspace/7u-2-build-macosx-x86_64/jdk7u75/1940/hotspot/src/share/vm/prims/jvm.cpp:1281
Event: 204.412 Thread 0x00007ffe6c005800 Threw 0x00000007d5b072a8 at /HUDSON/workspace/7u-2-build-macosx-x86_64/jdk7u75/1940/hotspot/src/share/vm/prims/jvm.cpp:1281
Event: 204.413 Thread 0x00007ffe6c005800 Threw 0x00000007d5b14228 at /HUDSON/workspace/7u-2-build-macosx-x86_64/jdk7u75/1940/hotspot/src/share/vm/prims/jvm.cpp:1281
Event: 5952.336 Thread 0x00007ffe6b053800 Implicit null exception at 0x000000011036a857 to 0x000000011036c2d5
Event: 17340.317 Thread 0x00007ffe6b96c800 Implicit null exception at 0x000000011031a0d4 to 0x000000011031ab51
Event: 17340.318 Thread 0x00007ffe6b96c800 Threw 0x00000007d6f40440 at /HUDSON/workspace/7u-2-build-macosx-x86_64/jdk7u75/1940/hotspot/src/share/vm/prims/jni.cpp:717
Event: 17340.318 Thread 0x00007ffe6c0e1800 Threw 0x00000007d6f946b0 at /HUDSON/workspace/7u-2-build-macosx-x86_64/jdk7u75/1940/hotspot/src/share/vm/prims/jvm.cpp:3002
Event: 17340.319 Thread 0x00007ffe6b053800 Threw 0x00000007d6e00cf8 at /HUDSON/workspace/7u-2-build-macosx-x86_64/jdk7u75/1940/hotspot/src/share/vm/prims/jvm.cpp:3002

Events (10 events):
Event: 17340.322 loading class 0x00000001184fd200
Event: 17340.322 Thread 0x00007ffe6d000000 Thread added: 0x00007ffe6d000000
Event: 17340.322 Thread 0x00007ffe6cb0b000 Thread exited: 0x00007ffe6cb0b000
Event: 17340.322 Thread 0x00007ffe6cc69000 Thread exited: 0x00007ffe6cc69000
Event: 17340.323 loading class 0x00000001184fd200 done
Event: 17340.323 Thread 0x00007ffe6d287000 Thread exited: 0x00007ffe6d287000
Event: 17340.323 Thread 0x00007ffe6d000000 Thread exited: 0x00007ffe6d000000
Event: 17340.324 Thread 0x00007ffe6c830000 Thread exited: 0x00007ffe6c830000
Event: 17340.324 Thread 0x00007ffe6c81a800 Thread exited: 0x00007ffe6c81a800
Event: 17340.324 Executing VM operation: Exit


Dynamic libraries:
0x000000000cb59000 	/System/Library/Frameworks/Cocoa.framework/Versions/A/Cocoa
0x000000000cb59000 	/System/Library/Frameworks/Security.framework/Versions/A/Security
0x000000000cb59000 	/System/Library/Frameworks/ApplicationServices.framework/Versions/A/ApplicationServices
0x000000000cb59000 	/usr/lib/libz.1.dylib
0x000000000cb59000 	/usr/lib/libSystem.B.dylib
0x000000000cb59000 	/usr/lib/libobjc.A.dylib
0x000000000cb59000 	/System/Library/Frameworks/CoreFoundation.framework/Versions/A/CoreFoundation
0x000000000cb59000 	/System/Library/Frameworks/Foundation.framework/Versions/C/Foundation
0x000000000cb59000 	/System/Library/Frameworks/AppKit.framework/Versions/C/AppKit
0x000000000cb59000 	/System/Library/Frameworks/CoreData.framework/Versions/A/CoreData
0x000000000cb59000 	/System/Library/PrivateFrameworks/RemoteViewServices.framework/Versions/A/RemoteViewServices
0x000000000cb59000 	/System/Library/PrivateFrameworks/UIFoundation.framework/Versions/A/UIFoundation
0x000000000cb59000 	/System/Library/Frameworks/IOSurface.framework/Versions/A/IOSurface
0x000000000cb59000 	/System/Library/Frameworks/AudioToolbox.framework/Versions/A/AudioToolbox
0x000000000cb59000 	/System/Library/Frameworks/AudioUnit.framework/Versions/A/AudioUnit
0x000000000cb59000 	/System/Library/PrivateFrameworks/DataDetectorsCore.framework/Versions/A/DataDetectorsCore
0x000000000cb59000 	/System/Library/PrivateFrameworks/DesktopServicesPriv.framework/Versions/A/DesktopServicesPriv
0x000000000cb59000 	/System/Library/Frameworks/Carbon.framework/Versions/A/Frameworks/HIToolbox.framework/Versions/A/HIToolbox
0x000000000cb59000 	/System/Library/Frameworks/QuartzCore.framework/Versions/A/QuartzCore
0x000000000cb59000 	/System/Library/Frameworks/Carbon.framework/Versions/A/Frameworks/SpeechRecognition.framework/Versions/A/SpeechRecognition
0x000000000cb59000 	/usr/lib/libauto.dylib
0x000000000cb59000 	/usr/lib/libicucore.A.dylib
0x000000000cb59000 	/usr/lib/libxml2.2.dylib
0x000000000cb59000 	/System/Library/PrivateFrameworks/CoreUI.framework/Versions/A/CoreUI
0x000000000cb59000 	/System/Library/Frameworks/CoreAudio.framework/Versions/A/CoreAudio
0x000000000cb59000 	/System/Library/Frameworks/DiskArbitration.framework/Versions/A/DiskArbitration
0x000000000cb59000 	/usr/lib/liblangid.dylib
0x000000000cb59000 	/System/Library/PrivateFrameworks/MultitouchSupport.framework/Versions/A/MultitouchSupport
0x000000000cb59000 	/System/Library/Frameworks/IOKit.framework/Versions/A/IOKit
0x000000000cb59000 	/usr/lib/libDiagnosticMessagesClient.dylib
0x000000000cb59000 	/System/Library/Frameworks/CoreServices.framework/Versions/A/CoreServices
0x000000000cb59000 	/System/Library/PrivateFrameworks/PerformanceAnalysis.framework/Versions/A/PerformanceAnalysis
0x000000000cb59000 	/System/Library/PrivateFrameworks/GenerationalStorage.framework/Versions/A/GenerationalStorage
0x000000000cb59000 	/System/Library/Frameworks/OpenGL.framework/Versions/A/OpenGL
0x000000000cb59000 	/System/Library/PrivateFrameworks/Sharing.framework/Versions/A/Sharing
0x000000000cb59000 	/System/Library/Frameworks/CoreGraphics.framework/Versions/A/CoreGraphics
0x000000000cb59000 	/System/Library/Frameworks/CoreText.framework/Versions/A/CoreText
0x000000000cb59000 	/System/Library/Frameworks/ImageIO.framework/Versions/A/ImageIO
0x000000000cb59000 	/usr/lib/libextension.dylib
0x000000000cb59000 	/System/Library/PrivateFrameworks/Backup.framework/Versions/A/Backup
0x000000000cb59000 	/usr/lib/libarchive.2.dylib
0x000000000cb59000 	/System/Library/Frameworks/CFNetwork.framework/Versions/A/CFNetwork
0x000000000cb59000 	/System/Library/Frameworks/SystemConfiguration.framework/Versions/A/SystemConfiguration
0x000000000cb59000 	/usr/lib/libCRFSuite.dylib
0x000000000cb59000 	/usr/lib/libc++.1.dylib
0x000000000cb59000 	/usr/lib/libc++abi.dylib
0x000000000cb59000 	/usr/lib/system/libcache.dylib
0x000000000cb59000 	/usr/lib/system/libcommonCrypto.dylib
0x000000000cb59000 	/usr/lib/system/libcompiler_rt.dylib
0x000000000cb59000 	/usr/lib/system/libcopyfile.dylib
0x000000000cb59000 	/usr/lib/system/libcorecrypto.dylib
0x000000000cb59000 	/usr/lib/system/libdispatch.dylib
0x000000000cb59000 	/usr/lib/system/libdyld.dylib
0x000000000cb59000 	/usr/lib/system/libkeymgr.dylib
0x000000000cb59000 	/usr/lib/system/liblaunch.dylib
0x000000000cb59000 	/usr/lib/system/libmacho.dylib
0x000000000cb59000 	/usr/lib/system/libquarantine.dylib
0x000000000cb59000 	/usr/lib/system/libremovefile.dylib
0x000000000cb59000 	/usr/lib/system/libsystem_asl.dylib
0x000000000cb59000 	/usr/lib/system/libsystem_blocks.dylib
0x000000000cb59000 	/usr/lib/system/libsystem_c.dylib
0x000000000cb59000 	/usr/lib/system/libsystem_configuration.dylib
0x000000000cb59000 	/usr/lib/system/libsystem_coreservices.dylib
0x000000000cb59000 	/usr/lib/system/libsystem_coretls.dylib
0x000000000cb59000 	/usr/lib/system/libsystem_dnssd.dylib
0x000000000cb59000 	/usr/lib/system/libsystem_info.dylib
0x000000000cb59000 	/usr/lib/system/libsystem_kernel.dylib
0x000000000cb59000 	/usr/lib/system/libsystem_m.dylib
0x000000000cb59000 	/usr/lib/system/libsystem_malloc.dylib
0x000000000cb59000 	/usr/lib/system/libsystem_network.dylib
0x000000000cb59000 	/usr/lib/system/libsystem_networkextension.dylib
0x000000000cb59000 	/usr/lib/system/libsystem_notify.dylib
0x000000000cb59000 	/usr/lib/system/libsystem_platform.dylib
0x000000000cb59000 	/usr/lib/system/libsystem_pthread.dylib
0x000000000cb59000 	/usr/lib/system/libsystem_sandbox.dylib
0x000000000cb59000 	/usr/lib/system/libsystem_secinit.dylib
0x000000000cb59000 	/usr/lib/system/libsystem_stats.dylib
0x000000000cb59000 	/usr/lib/system/libsystem_trace.dylib
0x000000000cb59000 	/usr/lib/system/libunc.dylib
0x000000000cb59000 	/usr/lib/system/libunwind.dylib
0x000000000cb59000 	/usr/lib/system/libxpc.dylib
0x000000000cb59000 	/usr/lib/libbz2.1.0.dylib
0x000000000cb59000 	/usr/lib/liblzma.5.dylib
0x000000000cb59000 	/usr/lib/libbsm.0.dylib
0x000000000cb59000 	/usr/lib/libsqlite3.dylib
0x000000000cb59000 	/usr/lib/system/libkxld.dylib
0x000000000cb59000 	/usr/lib/libxar.1.dylib
0x000000000cb59000 	/usr/lib/libpam.2.dylib
0x000000000cb59000 	/usr/lib/libOpenScriptingUtil.dylib
0x000000000cb59000 	/System/Library/Frameworks/CoreServices.framework/Versions/A/Frameworks/FSEvents.framework/Versions/A/FSEvents
0x000000000cb59000 	/System/Library/Frameworks/CoreServices.framework/Versions/A/Frameworks/CarbonCore.framework/Versions/A/CarbonCore
0x000000000cb59000 	/System/Library/Frameworks/CoreServices.framework/Versions/A/Frameworks/Metadata.framework/Versions/A/Metadata
0x000000000cb59000 	/System/Library/Frameworks/CoreServices.framework/Versions/A/Frameworks/OSServices.framework/Versions/A/OSServices
0x000000000cb59000 	/System/Library/Frameworks/CoreServices.framework/Versions/A/Frameworks/SearchKit.framework/Versions/A/SearchKit
0x000000000cb59000 	/System/Library/Frameworks/CoreServices.framework/Versions/A/Frameworks/AE.framework/Versions/A/AE
0x000000000cb59000 	/System/Library/Frameworks/CoreServices.framework/Versions/A/Frameworks/LaunchServices.framework/Versions/A/LaunchServices
0x000000000cb59000 	/System/Library/Frameworks/CoreServices.framework/Versions/A/Frameworks/DictionaryServices.framework/Versions/A/DictionaryServices
0x000000000cb59000 	/System/Library/Frameworks/NetFS.framework/Versions/A/NetFS
0x000000000cb59000 	/System/Library/PrivateFrameworks/NetAuth.framework/Versions/A/NetAuth
0x000000000cb59000 	/System/Library/PrivateFrameworks/login.framework/Versions/A/Frameworks/loginsupport.framework/Versions/A/loginsupport
0x000000000cb59000 	/System/Library/PrivateFrameworks/TCC.framework/Versions/A/TCC
0x000000000cb59000 	/usr/lib/libmecabra.dylib
0x000000000cb59000 	/System/Library/Frameworks/ApplicationServices.framework/Versions/A/Frameworks/ATS.framework/Versions/A/ATS
0x000000000cb59000 	/System/Library/Frameworks/ApplicationServices.framework/Versions/A/Frameworks/ColorSync.framework/Versions/A/ColorSync
0x000000000cb59000 	/System/Library/Frameworks/ApplicationServices.framework/Versions/A/Frameworks/HIServices.framework/Versions/A/HIServices
0x000000000cb59000 	/System/Library/Frameworks/ApplicationServices.framework/Versions/A/Frameworks/LangAnalysis.framework/Versions/A/LangAnalysis
0x000000000cb59000 	/System/Library/Frameworks/ApplicationServices.framework/Versions/A/Frameworks/PrintCore.framework/Versions/A/PrintCore
0x000000000cb59000 	/System/Library/Frameworks/ApplicationServices.framework/Versions/A/Frameworks/QD.framework/Versions/A/QD
0x000000000cb59000 	/System/Library/Frameworks/ApplicationServices.framework/Versions/A/Frameworks/SpeechSynthesis.framework/Versions/A/SpeechSynthesis
0x000000000cb59000 	/System/Library/Frameworks/Accelerate.framework/Versions/A/Accelerate
0x000000000cb59000 	/System/Library/Frameworks/Accelerate.framework/Versions/A/Frameworks/vImage.framework/Versions/A/vImage
0x000000000cb59000 	/System/Library/Frameworks/Accelerate.framework/Versions/A/Frameworks/vecLib.framework/Versions/A/vecLib
0x000000000cb59000 	/System/Library/Frameworks/Accelerate.framework/Versions/A/Frameworks/vecLib.framework/Versions/A/libvDSP.dylib
0x000000000cb59000 	/System/Library/Frameworks/Accelerate.framework/Versions/A/Frameworks/vecLib.framework/Versions/A/libvMisc.dylib
0x000000000cb59000 	/System/Library/Frameworks/Accelerate.framework/Versions/A/Frameworks/vecLib.framework/Versions/A/libLAPACK.dylib
0x000000000cb59000 	/System/Library/Frameworks/Accelerate.framework/Versions/A/Frameworks/vecLib.framework/Versions/A/libBLAS.dylib
0x000000000cb59000 	/System/Library/Frameworks/Accelerate.framework/Versions/A/Frameworks/vecLib.framework/Versions/A/libLinearAlgebra.dylib
0x000000000cb59000 	/System/Library/Frameworks/ApplicationServices.framework/Versions/A/Frameworks/ATS.framework/Versions/A/Resources/libFontParser.dylib
0x000000000cb59000 	/System/Library/Frameworks/ApplicationServices.framework/Versions/A/Frameworks/ATS.framework/Versions/A/Resources/libFontRegistry.dylib
0x000000000cb59000 	/System/Library/PrivateFrameworks/AppleVPA.framework/Versions/A/AppleVPA
0x000000000cb59000 	/System/Library/PrivateFrameworks/AppleJPEG.framework/Versions/A/AppleJPEG
0x000000000cb59000 	/System/Library/Frameworks/ImageIO.framework/Versions/A/Resources/libJPEG.dylib
0x000000000cb59000 	/System/Library/Frameworks/ImageIO.framework/Versions/A/Resources/libTIFF.dylib
0x000000000cb59000 	/System/Library/Frameworks/ImageIO.framework/Versions/A/Resources/libPng.dylib
0x000000000cb59000 	/System/Library/Frameworks/ImageIO.framework/Versions/A/Resources/libGIF.dylib
0x000000000cb59000 	/System/Library/Frameworks/ImageIO.framework/Versions/A/Resources/libJP2.dylib
0x000000000cb59000 	/System/Library/Frameworks/ImageIO.framework/Versions/A/Resources/libRadiance.dylib
0x000000000cb59000 	/System/Library/Frameworks/CoreVideo.framework/Versions/A/CoreVideo
0x000000000cb59000 	/System/Library/Frameworks/OpenGL.framework/Versions/A/Libraries/libGLU.dylib
0x000000000cb59000 	/System/Library/Frameworks/OpenGL.framework/Versions/A/Libraries/libGFXShared.dylib
0x000000000cb59000 	/System/Library/Frameworks/OpenGL.framework/Versions/A/Libraries/libGL.dylib
0x000000000cb59000 	/System/Library/Frameworks/OpenGL.framework/Versions/A/Libraries/libGLImage.dylib
0x000000000cb59000 	/System/Library/Frameworks/OpenGL.framework/Versions/A/Libraries/libCVMSPluginSupport.dylib
0x000000000cb59000 	/System/Library/Frameworks/OpenGL.framework/Versions/A/Libraries/libCoreVMClient.dylib
0x000000000cb59000 	/usr/lib/libcups.2.dylib
0x000000000cb59000 	/System/Library/Frameworks/Kerberos.framework/Versions/A/Kerberos
0x000000000cb59000 	/System/Library/Frameworks/GSS.framework/Versions/A/GSS
0x000000000cb59000 	/usr/lib/libresolv.9.dylib
0x000000000cb59000 	/usr/lib/libiconv.2.dylib
0x000000000cb59000 	/System/Library/PrivateFrameworks/Heimdal.framework/Versions/A/Heimdal
0x000000000cb59000 	/usr/lib/libheimdal-asn1.dylib
0x000000000cb59000 	/System/Library/Frameworks/OpenDirectory.framework/Versions/A/OpenDirectory
0x000000000cb59000 	/System/Library/PrivateFrameworks/CommonAuth.framework/Versions/A/CommonAuth
0x000000000cb59000 	/System/Library/Frameworks/OpenDirectory.framework/Versions/A/Frameworks/CFOpenDirectory.framework/Versions/A/CFOpenDirectory
0x000000000cb59000 	/System/Library/Frameworks/SecurityFoundation.framework/Versions/A/SecurityFoundation
0x000000000cb59000 	/System/Library/PrivateFrameworks/LanguageModeling.framework/Versions/A/LanguageModeling
0x000000000cb59000 	/usr/lib/libcmph.dylib
0x000000000cb59000 	/System/Library/Frameworks/ServiceManagement.framework/Versions/A/ServiceManagement
0x000000000cb59000 	/usr/lib/libxslt.1.dylib
0x000000000cb59000 	/System/Library/Frameworks/Carbon.framework/Versions/A/Frameworks/Ink.framework/Versions/A/Ink
0x000000000cb59000 	/System/Library/Frameworks/QuartzCore.framework/Versions/A/Frameworks/CoreImage.framework/Versions/A/CoreImage
0x000000000cb59000 	/System/Library/PrivateFrameworks/CrashReporterSupport.framework/Versions/A/CrashReporterSupport
0x000000000cb59000 	/System/Library/Frameworks/OpenCL.framework/Versions/A/OpenCL
0x000000000cb59000 	/System/Library/PrivateFrameworks/FaceCore.framework/Versions/A/FaceCore
0x000000000cb59000 	/System/Library/PrivateFrameworks/Ubiquity.framework/Versions/A/Ubiquity
0x000000000cb59000 	/System/Library/PrivateFrameworks/IconServices.framework/Versions/A/IconServices
0x000000000cb59000 	/System/Library/PrivateFrameworks/ChunkingLibrary.framework/Versions/A/ChunkingLibrary
0x000000000cb59000 	/System/Library/PrivateFrameworks/Apple80211.framework/Versions/A/Apple80211
0x000000000cb59000 	/System/Library/Frameworks/CoreWLAN.framework/Versions/A/CoreWLAN
0x000000000cb59000 	/System/Library/Frameworks/IOBluetooth.framework/Versions/A/IOBluetooth
0x000000000cb59000 	/System/Library/PrivateFrameworks/CoreWiFi.framework/Versions/A/CoreWiFi
0x000000000cb59000 	/System/Library/Frameworks/CoreBluetooth.framework/Versions/A/CoreBluetooth
0x000000000cb59000 	/System/Library/PrivateFrameworks/DebugSymbols.framework/Versions/A/DebugSymbols
0x000000000cb59000 	/System/Library/PrivateFrameworks/CoreSymbolication.framework/Versions/A/CoreSymbolication
0x000000000cb59000 	/System/Library/PrivateFrameworks/Symbolication.framework/Versions/A/Symbolication
0x000000000cb59000 	/System/Library/PrivateFrameworks/SpeechRecognitionCore.framework/Versions/A/SpeechRecognitionCore
0x000000010ed96000 	/System/Library/CoreServices/Encodings/libSimplifiedChineseConverter.dylib
0x000000010f800000 	/Library/Java/JavaVirtualMachines/jdk1.7.0_75.jdk/Contents/Home/jre/lib/server/libjvm.dylib
0x000000000cb59000 	/usr/lib/libstdc++.6.dylib
0x000000010ee74000 	/Library/Java/JavaVirtualMachines/jdk1.7.0_75.jdk/Contents/Home/jre/lib/libverify.dylib
0x000000010ee81000 	/Library/Java/JavaVirtualMachines/jdk1.7.0_75.jdk/Contents/Home/jre/lib/libjava.dylib
0x000000010eeb2000 	/Library/Java/JavaVirtualMachines/jdk1.7.0_75.jdk/Contents/Home/jre/lib/libjdwp.dylib
0x000000010eeef000 	/Library/Java/JavaVirtualMachines/jdk1.7.0_75.jdk/Contents/Home/jre/lib/libnpt.dylib
0x000000010eef3000 	/Library/Java/JavaVirtualMachines/jdk1.7.0_75.jdk/Contents/Home/jre/lib/libinstrument.dylib
0x000000010ef4d000 	/Library/Java/JavaVirtualMachines/jdk1.7.0_75.jdk/Contents/Home/jre/lib/libzip.dylib
0x0000000119a05000 	/System/Library/Frameworks/JavaVM.framework/Frameworks/JavaRuntimeSupport.framework/JavaRuntimeSupport
0x0000000119a20000 	/System/Library/Frameworks/JavaVM.framework/Versions/A/Frameworks/JavaNativeFoundation.framework/Versions/A/JavaNativeFoundation
0x0000000119a35000 	/System/Library/Frameworks/JavaVM.framework/Versions/A/JavaVM
0x000000000cb59000 	/System/Library/Frameworks/Carbon.framework/Versions/A/Carbon
0x0000000119a42000 	/System/Library/PrivateFrameworks/JavaLaunching.framework/Versions/A/JavaLaunching
0x000000000cb59000 	/System/Library/Frameworks/Carbon.framework/Versions/A/Frameworks/CommonPanels.framework/Versions/A/CommonPanels
0x000000000cb59000 	/System/Library/Frameworks/Carbon.framework/Versions/A/Frameworks/Help.framework/Versions/A/Help
0x000000000cb59000 	/System/Library/Frameworks/Carbon.framework/Versions/A/Frameworks/ImageCapture.framework/Versions/A/ImageCapture
0x000000000cb59000 	/System/Library/Frameworks/Carbon.framework/Versions/A/Frameworks/OpenScripting.framework/Versions/A/OpenScripting
0x000000000cb59000 	/System/Library/Frameworks/Carbon.framework/Versions/A/Frameworks/Print.framework/Versions/A/Print
0x000000000cb59000 	/System/Library/Frameworks/Carbon.framework/Versions/A/Frameworks/SecurityHI.framework/Versions/A/SecurityHI
0x000000011b4ac000 	/Library/Java/JavaVirtualMachines/jdk1.7.0_75.jdk/Contents/Home/jre/lib/libdt_socket.dylib
0x000000011bfa4000 	/Library/Java/JavaVirtualMachines/jdk1.7.0_75.jdk/Contents/Home/jre/lib/libnet.dylib
0x000000011c0dd000 	/Library/Java/JavaVirtualMachines/jdk1.7.0_75.jdk/Contents/Home/jre/lib/libsunec.dylib
0x000000011c109000 	/Library/Java/JavaVirtualMachines/jdk1.7.0_75.jdk/Contents/Home/jre/lib/libnio.dylib
0x000000011c24a000 	/Library/Java/JavaVirtualMachines/jdk1.7.0_75.jdk/Contents/Home/jre/lib/libmanagement.dylib
0x000000011d073000 	/Users/admin/.swt/lib/macosx/x86_64/libswt-cocoa-4335.jnilib
0x000000000cb59000 	/System/Library/Frameworks/WebKit.framework/Versions/A/WebKit
0x000000000cb59000 	/System/Library/Frameworks/JavaScriptCore.framework/Versions/A/JavaScriptCore
0x000000000cb59000 	/System/Library/Frameworks/SecurityInterface.framework/Versions/A/SecurityInterface
0x000000000cb59000 	/System/Library/Frameworks/WebKit.framework/Versions/A/Frameworks/WebKitLegacy.framework/Versions/A/WebKitLegacy
0x000000000cb59000 	/System/Library/Frameworks/WebKit.framework/Versions/A/Frameworks/WebCore.framework/Versions/A/WebCore
0x000000011d13f000 	/Users/admin/.swt/lib/macosx/x86_64/libswt-pi-cocoa-4335.jnilib
0x000000000cb59000 	/System/Library/PrivateFrameworks/CoreServicesInternal.framework/Versions/A/CoreServicesInternal
0x000000000cb59000 	/System/Library/PrivateFrameworks/CloudDocs.framework/Versions/A/CloudDocs
0x000000000cb59000 	/System/Library/PrivateFrameworks/CoreDuet.framework/Versions/A/CoreDuet
0x000000000cb59000 	/System/Library/Frameworks/CloudKit.framework/Versions/A/CloudKit
0x000000000cb59000 	/System/Library/PrivateFrameworks/ProtocolBuffer.framework/Versions/A/ProtocolBuffer
0x000000000cb59000 	/System/Library/PrivateFrameworks/CoreDuetDaemonProtocol.framework/Versions/A/CoreDuetDaemonProtocol
0x000000000cb59000 	/System/Library/PrivateFrameworks/CoreDuetDebugLogging.framework/Versions/A/CoreDuetDebugLogging
0x000000000cb59000 	/System/Library/PrivateFrameworks/MMCS.framework/Versions/A/MMCS
0x000000000cb59000 	/System/Library/Frameworks/CoreLocation.framework/Versions/A/CoreLocation
0x000000000cb59000 	/System/Library/PrivateFrameworks/ProtectedCloudStorage.framework/Versions/A/ProtectedCloudStorage
0x000000000cb59000 	/System/Library/PrivateFrameworks/GeoServices.framework/Versions/A/GeoServices
0x000000000cb59000 	/System/Library/Frameworks/CoreGraphics.framework/Versions/A/Resources/libCGCMS.A.dylib
0x000000000cb59000 	/System/Library/Frameworks/CoreGraphics.framework/Versions/A/Resources/libCGXType.A.dylib
0x000000000cb59000 	/System/Library/Frameworks/CoreGraphics.framework/Versions/A/Resources/libRIP.A.dylib
0x000000000cb59000 	/System/Library/PrivateFrameworks/FamilyControls.framework/Versions/A/FamilyControls
0x000000000cb59000 	/System/Library/PrivateFrameworks/CommerceKit.framework/Versions/A/Frameworks/CommerceCore.framework/Versions/A/CommerceCore
0x000000000cb59000 	/System/Library/PrivateFrameworks/SystemAdministration.framework/Versions/A/SystemAdministration
0x000000000cb59000 	/System/Library/PrivateFrameworks/AppContainer.framework/Versions/A/AppContainer
0x000000000cb59000 	/System/Library/PrivateFrameworks/SecCodeWrapper.framework/Versions/A/SecCodeWrapper
0x000000000cb59000 	/System/Library/Frameworks/DirectoryService.framework/Versions/A/DirectoryService
0x000000000cb59000 	/System/Library/PrivateFrameworks/DiskImages.framework/Versions/A/DiskImages
0x000000000cb59000 	/System/Library/PrivateFrameworks/LoginUIKit.framework/Versions/A/Frameworks/LoginUICore.framework/Versions/A/LoginUICore
0x000000000cb59000 	/usr/lib/libCoreStorage.dylib
0x000000000cb59000 	/usr/lib/libcsfde.dylib
0x000000000cb59000 	/usr/lib/libodfde.dylib
0x000000000cb59000 	/System/Library/Frameworks/DiscRecording.framework/Versions/A/DiscRecording
0x000000000cb59000 	/usr/lib/libcurl.4.dylib
0x000000000cb59000 	/System/Library/PrivateFrameworks/MediaKit.framework/Versions/A/MediaKit
0x000000000cb59000 	/System/Library/PrivateFrameworks/EFILogin.framework/Versions/A/EFILogin
0x000000000cb59000 	/usr/lib/libutil.dylib
0x000000000cb59000 	/System/Library/PrivateFrameworks/FindMyDevice.framework/Versions/A/FindMyDevice
0x000000000cb59000 	/System/Library/Frameworks/LDAP.framework/Versions/A/LDAP
0x000000000cb59000 	/usr/lib/libsasl2.2.dylib
0x000000000cb59000 	/System/Library/PrivateFrameworks/CoreDaemon.framework/Versions/B/CoreDaemon
0x000000000cb59000 	/usr/lib/libcrypto.0.9.8.dylib
0x000000000cb59000 	/System/Library/PrivateFrameworks/AppleSRP.framework/Versions/A/AppleSRP
0x000000000cb59000 	/System/Library/PrivateFrameworks/TrustEvaluationAgent.framework/Versions/A/TrustEvaluationAgent
0x0000000119a4e000 	/Library/Java/JavaVirtualMachines/jdk1.7.0_75.jdk/Contents/Home/jre/lib/libosx.dylib
0x0000000119a5c000 	/Library/Java/JavaVirtualMachines/jdk1.7.0_75.jdk/Contents/Home/jre/lib/./libosxapp.dylib
0x000000000cb59000 	/System/Library/Frameworks/ExceptionHandling.framework/Versions/A/ExceptionHandling
0x000000000cb59000 	/System/Library/Frameworks/OpenCL.framework/Versions/A/Libraries/libcldcpuengine.dylib
0x000000011bf5c000 	cl_kernels
0x000000011d84b000 	/System/Library/Frameworks/OpenCL.framework/Versions/A/Libraries/ImageFormats/unorm8_bgra.dylib
0x000000011c048000 	cl_kernels
0x000000000cb59000 	/System/Library/CoreServices/RawCamera.bundle/Contents/MacOS/RawCamera
0x000000000cb59000 	/System/Library/PrivateFrameworks/DataDetectors.framework/Versions/A/DataDetectors
0x000000000cb59000 	/System/Library/PrivateFrameworks/IDS.framework/Versions/A/IDS
0x000000000cb59000 	/System/Library/Frameworks/AddressBook.framework/Versions/A/AddressBook
0x000000000cb59000 	/System/Library/Frameworks/Quartz.framework/Versions/A/Quartz
0x000000000cb59000 	/System/Library/PrivateFrameworks/IMFoundation.framework/Versions/A/IMFoundation
0x000000000cb59000 	/System/Library/PrivateFrameworks/Marco.framework/Versions/A/Marco
0x000000000cb59000 	/System/Library/PrivateFrameworks/IDSFoundation.framework/Versions/A/IDSFoundation
0x000000000cb59000 	/System/Library/PrivateFrameworks/FTServices.framework/Versions/A/FTServices
0x000000000cb59000 	/usr/lib/libtidy.A.dylib
0x000000000cb59000 	/System/Library/PrivateFrameworks/CommonUtilities.framework/Versions/A/CommonUtilities
0x000000000cb59000 	/System/Library/PrivateFrameworks/Bom.framework/Versions/A/Bom
0x000000000cb59000 	/System/Library/PrivateFrameworks/AppleFSCompression.framework/Versions/A/AppleFSCompression
0x000000000cb59000 	/System/Library/PrivateFrameworks/DiagnosticLogCollection.framework/Versions/A/DiagnosticLogCollection
0x000000000cb59000 	/System/Library/PrivateFrameworks/IntlPreferences.framework/Versions/A/IntlPreferences
0x000000000cb59000 	/System/Library/PrivateFrameworks/ToneLibrary.framework/Versions/A/ToneLibrary
0x000000000cb59000 	/System/Library/PrivateFrameworks/ToneKit.framework/Versions/A/ToneKit
0x000000000cb59000 	/System/Library/PrivateFrameworks/vCard.framework/Versions/A/vCard
0x000000000cb59000 	/System/Library/Frameworks/Quartz.framework/Versions/A/Frameworks/QuickLookUI.framework/Versions/A/QuickLookUI
0x000000000cb59000 	/System/Library/PrivateFrameworks/ApplePushService.framework/Versions/A/ApplePushService
0x000000000cb59000 	/System/Library/PrivateFrameworks/ContactsData.framework/Versions/A/ContactsData
0x000000000cb59000 	/System/Library/PrivateFrameworks/ContactsFoundation.framework/Versions/A/ContactsFoundation
0x000000000cb59000 	/System/Library/PrivateFrameworks/PhoneNumbers.framework/Versions/A/PhoneNumbers
0x000000000cb59000 	/System/Library/Frameworks/AVFoundation.framework/Versions/A/AVFoundation
0x000000000cb59000 	/System/Library/Frameworks/AVFoundation.framework/Versions/A/Resources/libAVFAudio.dylib
0x000000000cb59000 	/System/Library/Frameworks/CoreMedia.framework/Versions/A/CoreMedia
0x000000000cb59000 	/System/Library/Frameworks/MediaToolbox.framework/Versions/A/MediaToolbox
0x000000000cb59000 	/System/Library/Frameworks/VideoToolbox.framework/Versions/A/VideoToolbox
0x000000000cb59000 	/System/Library/Frameworks/CoreMediaIO.framework/Versions/A/CoreMediaIO
0x000000000cb59000 	/System/Library/PrivateFrameworks/MediaControlSender.framework/Versions/A/MediaControlSender
0x000000000cb59000 	/System/Library/PrivateFrameworks/CoreAVCHD.framework/Versions/A/CoreAVCHD
0x000000000cb59000 	/System/Library/Frameworks/MediaAccessibility.framework/Versions/A/MediaAccessibility
0x000000000cb59000 	/System/Library/PrivateFrameworks/Mangrove.framework/Versions/A/Mangrove
0x000000000cb59000 	/System/Library/PrivateFrameworks/CoreAUC.framework/Versions/A/CoreAUC
0x000000000cb59000 	/System/Library/PrivateFrameworks/NetworkStatistics.framework/Versions/A/NetworkStatistics
0x000000000cb59000 	/System/Library/PrivateFrameworks/AirPlaySupport.framework/Versions/A/AirPlaySupport
0x000000000cb59000 	/System/Library/PrivateFrameworks/CoreUtils.framework/Versions/A/CoreUtils
0x000000000cb59000 	/System/Library/PrivateFrameworks/AppleVA.framework/Versions/A/AppleVA
0x000000000cb59000 	/System/Library/PrivateFrameworks/XPCService.framework/Versions/A/XPCService
0x000000000cb59000 	/System/Library/PrivateFrameworks/AppSandbox.framework/Versions/A/AppSandbox
0x000000000cb59000 	/usr/lib/libsandbox.1.dylib
0x000000000cb59000 	/usr/lib/libMatch.1.dylib
0x000000000cb59000 	/System/Library/PrivateFrameworks/SafariServices.framework/Versions/A/SafariServices
0x000000000cb59000 	/usr/lib/libspindump.dylib
0x000000000cb59000 	/System/Library/Frameworks/QTKit.framework/Versions/A/QTKit
0x000000000cb59000 	/System/Library/Frameworks/QuickLook.framework/Versions/A/QuickLook
0x000000000cb59000 	/System/Library/PrivateFrameworks/CoreMediaAuthoring.framework/Versions/A/CoreMediaAuthoring
0x000000000cb59000 	/System/Library/Frameworks/Quartz.framework/Versions/A/Frameworks/QuartzComposer.framework/Versions/A/QuartzComposer
0x000000000cb59000 	/System/Library/Frameworks/Quartz.framework/Versions/A/Frameworks/PDFKit.framework/Versions/A/PDFKit
0x000000000cb59000 	/System/Library/Frameworks/Quartz.framework/Versions/A/Frameworks/QuartzFilters.framework/Versions/A/QuartzFilters
0x000000000cb59000 	/System/Library/Frameworks/Quartz.framework/Versions/A/Frameworks/ImageKit.framework/Versions/A/ImageKit
0x000000000cb59000 	/System/Library/PrivateFrameworks/AppleSystemInfo.framework/Versions/A/AppleSystemInfo
0x000000000cb59000 	/System/Library/PrivateFrameworks/CorePDF.framework/Versions/A/CorePDF
0x000000000cb59000 	/System/Library/PrivateFrameworks/DisplayServices.framework/Versions/A/DisplayServices
0x000000000cb59000 	/System/Library/Frameworks/ImageCaptureCore.framework/Versions/A/ImageCaptureCore
0x0000000128ed5000 	//usr/lib/libmecab.dylib
0x000000000cb59000 	/System/Library/PrivateFrameworks/FinderKit.framework/Versions/A/FinderKit
0x000000000cb59000 	/System/Library/PrivateFrameworks/Suggestions.framework/Versions/A/Suggestions
0x000000011c598000 	/System/Library/PrivateFrameworks/CacheDelete.framework/CacheDelete
0x000000000cb59000 	/System/Library/PrivateFrameworks/PlugInKit.framework/Versions/A/PlugInKit
0x000000000cb59000 	/System/Library/Frameworks/OpenGL.framework/Versions/A/Resources/GLEngine.bundle/GLEngine
0x000000000cb59000 	/System/Library/Frameworks/OpenGL.framework/Versions/A/Libraries/libGLProgrammability.dylib
0x0000000129c21000 	/System/Library/Extensions/AppleIntelHD5000GraphicsGLDriver.bundle/Contents/MacOS/AppleIntelHD5000GraphicsGLDriver
0x000000000cb59000 	/System/Library/PrivateFrameworks/IOAccelerator.framework/Versions/A/IOAccelerator
0x000000000cb59000 	/System/Library/PrivateFrameworks/GPUSupport.framework/Versions/A/Libraries/libGPUSupportMercury.dylib
0x000000000cb59000 	/System/Library/Frameworks/OpenGL.framework/Versions/A/Resources/GLRendererFloat.bundle/GLRendererFloat
0x000000012ac89000 	/System/Library/Frameworks/OpenCL.framework/Versions/A/Libraries/ImageFormats/unorm8_rgba.dylib
0x000000011d068000 	cl_kernels
0x000000011d244000 	cl_kernels
0x000000011d394000 	cl_kernels
0x000000012b08d000 	/System/Library/Frameworks/Security.framework/PlugIns/csparser.bundle/Contents/MacOS/csparser
0x000000012a608000 	/System/Library/Frameworks/Quartz.framework/Versions/A/Frameworks/QuickLookUI.framework/Versions/A/PlugIns/Text.qldisplay/Contents/MacOS/Text
0x000000000cb59000 	/System/Library/Frameworks/ApplicationServices.framework/Versions/A/Frameworks/ATS.framework/Versions/A/Resources/libTrueTypeScaler.dylib
0x000000000cb59000 	/System/Library/PrivateFrameworks/ShareKit.framework/Versions/A/ShareKit
0x000000000cb59000 	/System/Library/PrivateFrameworks/ViewBridge.framework/Versions/A/ViewBridge
0x000000000cb59000 	/System/Library/Frameworks/Social.framework/Versions/A/Social
0x000000000cb59000 	/usr/lib/libScreenReader.dylib
0x000000000cb59000 	/System/Library/Frameworks/Accounts.framework/Versions/A/Accounts
0x000000000cb59000 	/System/Library/PrivateFrameworks/AccountsDaemon.framework/Versions/A/AccountsDaemon
0x000000000cb59000 	/System/Library/PrivateFrameworks/OAuth.framework/Versions/A/OAuth
0x000000000cb59000 	/System/Library/PrivateFrameworks/XPCObjects.framework/Versions/A/XPCObjects

VM Arguments:
jvm_args: -agentlib:jdwp=transport=dt_socket,address=127.0.0.1:61624,suspend=y,server=n -Drebel.base=/Users/admin/.jrebel -Drebel.env.ide.plugin.version=6.2.3-idea-13-14 -Drebel.env.ide.version=14.0.1 -Drebel.env.ide.product=IU -Drebel.env.ide=intellij -Drebel.notification.url=http://localhost:61619 -javaagent:/var/folders/nh/vbfg6lhs5zx5c63phxdjgrr80000gn/T/jrebel-temp/jrebel.jar -Dfile.encoding=UTF-8 
java_command: com.hive.codegen.Tcg
Launcher Type: SUN_STANDARD

Environment Variables:
JAVA_HOME=/Library/Java/JavaVirtualMachines/jdk1.7.0_75.jdk/Contents/Home
CLASSPATH=./:/Library/Java/JavaVirtualMachines/jdk1.7.0_75.jdk/Contents/Home/lib/dt.jar:/Library/Java/JavaVirtualMachines/jdk1.7.0_75.jdk/Contents/Home/lib/tools.jar
PATH=/usr/local/bin:/usr/bin:/bin:/usr/sbin:/sbin:/Users/admin/tqmall/tools/maven/apache-maven-3.2.1/bin:/usr/Library/tomcat/bin
SHELL=/bin/bash

Signal Handlers:
SIGSEGV: [libjvm.dylib+0x52d20d], sa_mask[0]=0xfffefeff, sa_flags=0x00000043
SIGBUS: [libjvm.dylib+0x52d20d], sa_mask[0]=0xfffefeff, sa_flags=0x00000042
SIGFPE: [libjvm.dylib+0x41ee7a], sa_mask[0]=0xfffefeff, sa_flags=0x00000042
SIGPIPE: [libjvm.dylib+0x41ee7a], sa_mask[0]=0xfffefeff, sa_flags=0x00000042
SIGXFSZ: [libjvm.dylib+0x41ee7a], sa_mask[0]=0xfffefeff, sa_flags=0x00000042
SIGILL: [libjvm.dylib+0x41ee7a], sa_mask[0]=0xfffefeff, sa_flags=0x00000042
SIGUSR1: SIG_DFL, sa_mask[0]=0x00000000, sa_flags=0x00000000
SIGUSR2: [libjvm.dylib+0x41e96c], sa_mask[0]=0x00000004, sa_flags=0x00000042
SIGHUP: [libjvm.dylib+0x41cbfd], sa_mask[0]=0xfffefeff, sa_flags=0x00000042
SIGINT: [libjvm.dylib+0x41cbfd], sa_mask[0]=0xfffefeff, sa_flags=0x00000042
SIGTERM: [libjvm.dylib+0x41cbfd], sa_mask[0]=0xfffefeff, sa_flags=0x00000042
SIGQUIT: [libjvm.dylib+0x41cbfd], sa_mask[0]=0xfffefeff, sa_flags=0x00000042


---------------  S Y S T E M  ---------------

OS:Bsduname:Darwin 14.5.0 Darwin Kernel Version 14.5.0: Tue Sep  1 21:23:09 PDT 2015; root:xnu-2782.50.1~1/RELEASE_X86_64 x86_64
rlimit: STACK 8192k, CORE 0k, NPROC 709, NOFILE 10240, AS infinity
load average:3.40 3.92 3.71

CPU:total 4 (2 cores per cpu, 2 threads per core) family 6 model 69 stepping 1, cmov, cx8, fxsr, mmx, sse, sse2, sse3, ssse3, sse4.1, sse4.2, popcnt, avx, avx2, aes, erms, ht, tsc, tscinvbit

Memory: 4k page, physical 8388608k(2097152k free)

/proc/meminfo:


vm_info: Java HotSpot(TM) 64-Bit Server VM (24.75-b04) for bsd-amd64 JRE (1.7.0_75-b13), built on Dec 18 2014 21:48:12 by "java_re" with gcc 4.2.1 (Based on Apple Inc. build 5658) (LLVM build 2336.11.00)

time: Wed Feb 24 22:52:15 2016
elapsed time: 17340 seconds

